{
  "stats": {
    "suites": 1,
    "tests": 7,
    "passes": 7,
    "pending": 0,
    "failures": 0,
    "start": "2025-04-03T14:44:13.128Z",
    "end": "2025-04-03T14:44:24.173Z",
    "duration": 11045,
    "testsRegistered": 7,
    "passPercent": 100,
    "pendingPercent": 0,
    "other": 0,
    "hasOther": false,
    "skipped": 0,
    "hasSkipped": false
  },
  "results": [
    {
      "uuid": "22601530-ca21-428a-b3c7-7547f866fa7f",
      "title": "",
      "fullFile": "cypress\\e2e\\loanModal.cy.js",
      "file": "cypress\\e2e\\loanModal.cy.js",
      "beforeHooks": [],
      "afterHooks": [],
      "tests": [],
      "suites": [
        {
          "uuid": "67e4ac1a-5bc9-4bd4-93a8-704bd16cc6d6",
          "title": "BIGBANK loan modal window tests for page elements",
          "fullFile": "",
          "file": "",
          "beforeHooks": [],
          "afterHooks": [],
          "tests": [
            {
              "title": "Check element existences in modal window and in base view related to values given in modal for ET",
              "fullTitle": "BIGBANK loan modal window tests for page elements Check element existences in modal window and in base view related to values given in modal for ET",
              "timedOut": null,
              "duration": 2611,
              "state": "passed",
              "speed": "fast",
              "pass": true,
              "fail": false,
              "pending": false,
              "context": null,
              "code": "cy.visit(Cypress.config('baseUrl'));\nmodalPage.getCloseIcon().should('be.visible').click();\nbasePage.getLanguageChangeDropdown().should('be.visible').click();\nbasePage.getLanguageChangeDropdown().contains(languages.language).click();\nbasePage.getModalWindowLink().should('be.visible').click();\n//Check if all elements on page exist\nmodalPage.getPageTitleLabel().should('be.visible').contains(languages.modalHeader);\nmodalPage.getLoanAmountArea().should('be.visible').contains(languages.loanAmount);\nmodalPage.getLoanAmountInput().should('be.visible');\nmodalPage.getLoanAmountSlider().should('be.visible');\nmodalPage.getLoanAmountSliderDot().should('be.visible').should('have.attr', 'aria-valuemin').and('equal', _testData.default.amountMin);\nmodalPage.getLoanAmountSliderDot().should('be.visible').should('have.attr', 'aria-valuemax').and('equal', _testData.default.amountMax);\nmodalPage.getLoanAmountSliderDot().should('be.visible').should('have.attr', 'aria-valuetext').and('equal', _testData.default.defaultAmount);\nmodalPage.getPeriodAmountInput().should('be.visible');\nmodalPage.getPeriodAmountInputMonthsLabel().should('be.visible').contains(languages.months);\nmodalPage.getPeriodAmountSlider().should('be.visible');\nmodalPage.getPeriodAmountSliderDot().should('be.visible').should('have.attr', 'aria-valuemin').and('equal', _testData.default.periodMin);\nmodalPage.getPeriodAmountSliderDot().should('be.visible').should('have.attr', 'aria-valuemax').and('equal', _testData.default.periodMax);\nmodalPage.getPeriodAmountSliderDot().should('be.visible').should('have.attr', 'aria-valuetext').and('equal', _testData.default.defaultPeriod);\nmodalPage.getMonthlyPaymentResultLabel().should('be.visible').contains(languages.monthlyPayment);\nmodalPage.getMonthlyPaymentResultAmount().should('be.visible').contains(_testData.default.defaultMonthlyPayment);\nmodalPage.getContinueButton().should('be.visible').contains(languages.continue).click();\nbasePage.getLoanAmountLabel().should('be.visible').contains(languages.loanAmount);\nbasePage.getLoanAmountValue().should('be.visible').contains(_testData.default.defaultAmount);",
              "err": {},
              "uuid": "5cd74f0d-3aa3-4051-8b28-d9e27d10561b",
              "parentUUID": "67e4ac1a-5bc9-4bd4-93a8-704bd16cc6d6",
              "isHook": false,
              "skipped": false
            },
            {
              "title": "Check element existences in modal window and in base view related to values given in modal for RU",
              "fullTitle": "BIGBANK loan modal window tests for page elements Check element existences in modal window and in base view related to values given in modal for RU",
              "timedOut": null,
              "duration": 1198,
              "state": "passed",
              "speed": "fast",
              "pass": true,
              "fail": false,
              "pending": false,
              "context": null,
              "code": "cy.visit(Cypress.config('baseUrl'));\nmodalPage.getCloseIcon().should('be.visible').click();\nbasePage.getLanguageChangeDropdown().should('be.visible').click();\nbasePage.getLanguageChangeDropdown().contains(languages.language).click();\nbasePage.getModalWindowLink().should('be.visible').click();\n//Check if all elements on page exist\nmodalPage.getPageTitleLabel().should('be.visible').contains(languages.modalHeader);\nmodalPage.getLoanAmountArea().should('be.visible').contains(languages.loanAmount);\nmodalPage.getLoanAmountInput().should('be.visible');\nmodalPage.getLoanAmountSlider().should('be.visible');\nmodalPage.getLoanAmountSliderDot().should('be.visible').should('have.attr', 'aria-valuemin').and('equal', _testData.default.amountMin);\nmodalPage.getLoanAmountSliderDot().should('be.visible').should('have.attr', 'aria-valuemax').and('equal', _testData.default.amountMax);\nmodalPage.getLoanAmountSliderDot().should('be.visible').should('have.attr', 'aria-valuetext').and('equal', _testData.default.defaultAmount);\nmodalPage.getPeriodAmountInput().should('be.visible');\nmodalPage.getPeriodAmountInputMonthsLabel().should('be.visible').contains(languages.months);\nmodalPage.getPeriodAmountSlider().should('be.visible');\nmodalPage.getPeriodAmountSliderDot().should('be.visible').should('have.attr', 'aria-valuemin').and('equal', _testData.default.periodMin);\nmodalPage.getPeriodAmountSliderDot().should('be.visible').should('have.attr', 'aria-valuemax').and('equal', _testData.default.periodMax);\nmodalPage.getPeriodAmountSliderDot().should('be.visible').should('have.attr', 'aria-valuetext').and('equal', _testData.default.defaultPeriod);\nmodalPage.getMonthlyPaymentResultLabel().should('be.visible').contains(languages.monthlyPayment);\nmodalPage.getMonthlyPaymentResultAmount().should('be.visible').contains(_testData.default.defaultMonthlyPayment);\nmodalPage.getContinueButton().should('be.visible').contains(languages.continue).click();\nbasePage.getLoanAmountLabel().should('be.visible').contains(languages.loanAmount);\nbasePage.getLoanAmountValue().should('be.visible').contains(_testData.default.defaultAmount);",
              "err": {},
              "uuid": "6bcbc073-a965-427f-ab01-4561705f3096",
              "parentUUID": "67e4ac1a-5bc9-4bd4-93a8-704bd16cc6d6",
              "isHook": false,
              "skipped": false
            },
            {
              "title": "Check if changing the loan amount is reflected correctly in the elements",
              "fullTitle": "BIGBANK loan modal window tests for page elements Check if changing the loan amount is reflected correctly in the elements",
              "timedOut": null,
              "duration": 1200,
              "state": "passed",
              "speed": "fast",
              "pass": true,
              "fail": false,
              "pending": false,
              "context": null,
              "code": "cy.visit(Cypress.config('baseUrl'));\n//Check if all elements on page exist\nmodalPage.getPageTitleLabel().should('be.visible').contains(_texts.default.ET.modalHeader);\nmodalPage.getLoanAmountInput().should('be.visible').clear().type(_testData.default.forTesting.desiredAmount);\n//Using modal window to click on for sliders to update and not leave the window\nmodalPage.getPageTitleLabel().click();\nmodalPage.getLoanAmountSlider().should('be.visible');\nmodalPage.getLoanAmountSliderDot().should('be.visible').should('have.attr', 'aria-valuetext').and('equal', _testData.default.forTesting.desiredAmount);\nmodalPage.getMonthlyPaymentResultAmount().should('be.visible').contains(_testData.default.forTesting.expectedMonthlyPaymentForAmount);\nmodalPage.getContinueButton().should('be.visible').click();\nbasePage.getLoanAmountValue().should('be.visible').contains(_testData.default.forTesting.desiredAmount);",
              "err": {},
              "uuid": "c4f4e775-db61-4f49-b4a8-e6066393ad60",
              "parentUUID": "67e4ac1a-5bc9-4bd4-93a8-704bd16cc6d6",
              "isHook": false,
              "skipped": false
            },
            {
              "title": "Check if changing the loan duration is reflected correctly in the elements",
              "fullTitle": "BIGBANK loan modal window tests for page elements Check if changing the loan duration is reflected correctly in the elements",
              "timedOut": null,
              "duration": 1231,
              "state": "passed",
              "speed": "fast",
              "pass": true,
              "fail": false,
              "pending": false,
              "context": null,
              "code": "cy.visit(Cypress.config('baseUrl'));\n//Check if all elements on page exist\nmodalPage.getPageTitleLabel().should('be.visible').contains(_texts.default.ET.modalHeader);\nmodalPage.getPeriodAmountInput().should('be.visible').clear().type(_testData.default.forTesting.desiredMonths);\n//Using modal window header to click on for sliders to update and not leave the window\nmodalPage.getPageTitleLabel().click();\nmodalPage.getPeriodAmountSlider().should('be.visible');\nmodalPage.getPeriodAmountSliderDot().should('be.visible').should('have.attr', 'aria-valuetext').and('equal', _testData.default.forTesting.desiredMonths);\nmodalPage.getMonthlyPaymentResultAmount().should('be.visible').contains(_testData.default.forTesting.expectedMonthlyPaymentForMonths);\nmodalPage.getContinueButton().should('be.visible').click();\nbasePage.getLoanAmountValue().should('be.visible').contains(_testData.default.defaultAmount);",
              "err": {},
              "uuid": "63d59859-f216-4fd5-94b6-6c9a4152794b",
              "parentUUID": "67e4ac1a-5bc9-4bd4-93a8-704bd16cc6d6",
              "isHook": false,
              "skipped": false
            },
            {
              "title": "Check if changing the loan amount to value outside of allowed range defaults them to the closet allowed value",
              "fullTitle": "BIGBANK loan modal window tests for page elements Check if changing the loan amount to value outside of allowed range defaults them to the closet allowed value",
              "timedOut": null,
              "duration": 1130,
              "state": "passed",
              "speed": "fast",
              "pass": true,
              "fail": false,
              "pending": false,
              "context": null,
              "code": "cy.visit(Cypress.config('baseUrl'));\n//Check if all elements on page exist\nmodalPage.getPageTitleLabel().should('be.visible').contains(_texts.default.ET.modalHeader);\nmodalPage.getLoanAmountInput().should('be.visible').clear().type(_testData.default.forTesting.tooLittleAmount);\n//Using modal window header to click on for sliders to update and not leave the window\nmodalPage.getPageTitleLabel().click();\nmodalPage.getLoanAmountSlider().should('be.visible');\nmodalPage.getLoanAmountSliderDot().should('be.visible').should('have.attr', 'aria-valuetext').and('equal', _testData.default.amountMin);\nmodalPage.getLoanAmountInput().should('be.visible').clear().type(_testData.default.forTesting.tooMuchAmount);\n//Using modal window header to click on for sliders to update and not leave the window\nmodalPage.getPageTitleLabel().click();\nmodalPage.getLoanAmountSlider().should('be.visible');\nmodalPage.getLoanAmountSliderDot().should('be.visible').should('have.attr', 'aria-valuetext').and('equal', _testData.default.amountMax);",
              "err": {},
              "uuid": "9fb56f06-d50a-44d9-ba20-17d315b49f0c",
              "parentUUID": "67e4ac1a-5bc9-4bd4-93a8-704bd16cc6d6",
              "isHook": false,
              "skipped": false
            },
            {
              "title": "Check if changing the loan duration to value outside of allowed range defaults them to the closet allowed value",
              "fullTitle": "BIGBANK loan modal window tests for page elements Check if changing the loan duration to value outside of allowed range defaults them to the closet allowed value",
              "timedOut": null,
              "duration": 1069,
              "state": "passed",
              "speed": "fast",
              "pass": true,
              "fail": false,
              "pending": false,
              "context": null,
              "code": "cy.visit(Cypress.config('baseUrl'));\n//Check if all elements on page exist\nmodalPage.getPageTitleLabel().should('be.visible').contains(_texts.default.ET.modalHeader);\nmodalPage.getPeriodAmountInput().should('be.visible').clear().type(_testData.default.forTesting.tooLittleMonths);\n//Using modal window header to click on for sliders to update and not leave the window\nmodalPage.getPageTitleLabel().click();\nmodalPage.getPeriodAmountSlider().should('be.visible');\nmodalPage.getPeriodAmountSliderDot().should('be.visible').should('have.attr', 'aria-valuetext').and('equal', _testData.default.periodMin);\nmodalPage.getPeriodAmountInput().should('be.visible').clear().type(_testData.default.forTesting.tooManyMonths);\n//Using modal window header to click on for sliders to update and not leave the window\nmodalPage.getPageTitleLabel().click();\nmodalPage.getPeriodAmountSlider().should('be.visible');\nmodalPage.getPeriodAmountSliderDot().should('be.visible').should('have.attr', 'aria-valuetext').and('equal', _testData.default.periodMax);",
              "err": {},
              "uuid": "e100d515-31c8-490d-b658-d87c6e3050ee",
              "parentUUID": "67e4ac1a-5bc9-4bd4-93a8-704bd16cc6d6",
              "isHook": false,
              "skipped": false
            },
            {
              "title": "Check if input field allow letters to be inserted",
              "fullTitle": "BIGBANK loan modal window tests for page elements Check if input field allow letters to be inserted",
              "timedOut": null,
              "duration": 1247,
              "state": "passed",
              "speed": "fast",
              "pass": true,
              "fail": false,
              "pending": false,
              "context": null,
              "code": "cy.visit(Cypress.config('baseUrl'));\n//Check if all elements on page exist\nmodalPage.getPageTitleLabel().should('be.visible').contains(_texts.default.ET.modalHeader);\nmodalPage.getLoanAmountInput().should('be.visible').clear().type(_testData.default.forTesting.lettersToBeInserted);\n//Using modal window header to click on for sliders to update and not leave the window\nmodalPage.getPageTitleLabel().click();\nmodalPage.getLoanAmountSlider().should('be.visible');\nmodalPage.getLoanAmountSliderDot().should('be.visible').should('have.attr', 'aria-valuetext').and('equal', _testData.default.amountMin);\nmodalPage.getPeriodAmountInput().should('be.visible').clear().type(_testData.default.forTesting.lettersToBeInserted);\n//Using modal window header to click on for sliders to update and not leave the window\nmodalPage.getPageTitleLabel().click();\nmodalPage.getPeriodAmountSlider().should('be.visible');\nmodalPage.getPeriodAmountSliderDot().should('be.visible').should('have.attr', 'aria-valuetext').and('equal', _testData.default.periodMin);",
              "err": {},
              "uuid": "a7298cef-37dd-40fc-b1a0-5bd8aab22041",
              "parentUUID": "67e4ac1a-5bc9-4bd4-93a8-704bd16cc6d6",
              "isHook": false,
              "skipped": false
            }
          ],
          "suites": [],
          "passes": [
            "5cd74f0d-3aa3-4051-8b28-d9e27d10561b",
            "6bcbc073-a965-427f-ab01-4561705f3096",
            "c4f4e775-db61-4f49-b4a8-e6066393ad60",
            "63d59859-f216-4fd5-94b6-6c9a4152794b",
            "9fb56f06-d50a-44d9-ba20-17d315b49f0c",
            "e100d515-31c8-490d-b658-d87c6e3050ee",
            "a7298cef-37dd-40fc-b1a0-5bd8aab22041"
          ],
          "failures": [],
          "pending": [],
          "skipped": [],
          "duration": 9686,
          "root": false,
          "rootEmpty": false,
          "_timeout": 2000
        }
      ],
      "passes": [],
      "failures": [],
      "pending": [],
      "skipped": [],
      "duration": 0,
      "root": true,
      "rootEmpty": true,
      "_timeout": 2000
    }
  ],
  "meta": {
    "mocha": {
      "version": "7.0.1"
    },
    "mochawesome": {
      "options": {
        "quiet": false,
        "reportFilename": "mochawesome",
        "saveHtml": true,
        "saveJson": true,
        "consoleReporter": "spec",
        "useInlineDiffs": false,
        "code": true
      },
      "version": "7.1.3"
    },
    "marge": {
      "options": null,
      "version": "6.2.0"
    }
  }
}